Detecting CUDA compiler ABI info failed to compile with the following output:
Change Dir: D:/cusr/cmake-build-release/CMakeFiles/CMakeTmp

Run Build Command(s):C:/Program Files/JetBrains/CLion 2021.3/bin/ninja/win/ninja.exe cmTC_3616c && [1/2] Building CUDA object CMakeFiles\cmTC_3616c.dir\CMakeCUDACompilerABI.cu.obj
cl: 命令行 warning D9002 :忽略未知选项“-v”
CMakeCUDACompilerABI.cu
cl: 命令行 warning D9002 :忽略未知选项“-v”
CMakeCUDACompilerABI.cu
CMakeCUDACompilerABI.cu
cl: 命令行 warning D9002 :忽略未知选项“-v”
[2/2] Linking CUDA executable cmTC_3616c.exe
FAILED: cmTC_3616c.exe 
cmd.exe /C "cd . && "C:\Program Files\JetBrains\CLion 2021.3\bin\cmake\win\bin\cmake.exe" -E vs_link_exe --intdir=CMakeFiles\cmTC_3616c.dir --rc=rc --mt=CMAKE_MT-NOTFOUND --manifests  -- C:\PROGRA~2\MICROS~3\2019\PROFES~1\VC\Tools\MSVC\1429~1.301\bin\Hostx64\x64\link.exe /nologo CMakeFiles\cmTC_3616c.dir\CMakeCUDACompilerABI.cu.obj  /out:cmTC_3616c.exe /implib:cmTC_3616c.lib /pdb:cmTC_3616c.pdb /version:0.0 -v /debug /INCREMENTAL  cudadevrt.lib  cudart_static.lib -LIBPATH:"C:/Program Files/NVIDIA GPU Computing Toolkit/CUDA/v11.5/lib/x64"  && cd ."
RC Pass 1: command "rc /fo CMakeFiles\cmTC_3616c.dir/manifest.res CMakeFiles\cmTC_3616c.dir/manifest.rc" failed (exit code 0) with the following output:
系统找不到指定的文件。
ninja: build stopped: subcommand failed.




Determining if the CUDA compiler works failed with the following output:
Change Dir: D:/cusr/cmake-build-release/CMakeFiles/CMakeTmp

Run Build Command(s):C:/Program Files/JetBrains/CLion 2021.3/bin/ninja/win/ninja.exe cmTC_61e87 && [1/2] Building CUDA object CMakeFiles\cmTC_61e87.dir\main.cu.obj
main.cu
[2/2] Linking CUDA executable cmTC_61e87.exe
FAILED: cmTC_61e87.exe 
cmd.exe /C "cd . && "C:\Program Files\JetBrains\CLion 2021.3\bin\cmake\win\bin\cmake.exe" -E vs_link_exe --intdir=CMakeFiles\cmTC_61e87.dir --rc=rc --mt=CMAKE_MT-NOTFOUND --manifests  -- C:\PROGRA~2\MICROS~3\2019\PROFES~1\VC\Tools\MSVC\1429~1.301\bin\Hostx64\x64\link.exe /nologo CMakeFiles\cmTC_61e87.dir\main.cu.obj  /out:cmTC_61e87.exe /implib:cmTC_61e87.lib /pdb:cmTC_61e87.pdb /version:0.0 /debug /INCREMENTAL  cudadevrt.lib  cudart_static.lib  kernel32.lib user32.lib gdi32.lib winspool.lib shell32.lib ole32.lib oleaut32.lib uuid.lib comdlg32.lib advapi32.lib -LIBPATH:"C:/Program Files/NVIDIA GPU Computing Toolkit/CUDA/v11.5/lib/x64"  && cd ."
RC Pass 1: command "rc /fo CMakeFiles\cmTC_61e87.dir/manifest.res CMakeFiles\cmTC_61e87.dir/manifest.rc" failed (exit code 0) with the following output:
系统找不到指定的文件。
ninja: build stopped: subcommand failed.



